<?xml version="1.0" encoding="UTF-8"?>
<!-- Generated by org.testng.reporters.JUnitXMLReporter -->
<testsuite hostname="LAPTOP-A9NAPJ1R" ignored="0" name="Test" tests="6" failures="0" timestamp="2021-12-20T17:21:35 CET" time="0.066" errors="0">
  <testcase name="BrowserAutomation" time="0.008" classname="mavenProject.Mavenjava.SeleniumTest"/>
  <testcase name="elementsUi" time="0.001" classname="mavenProject.Mavenjava.SeleniumTest"/>
  <testcase name="IOSApps" time="0.002" classname="mavenProject.Mavenjava.AppiumTest"/>
  <testcase name="NativeAppAndroid" time="0.002" classname="mavenProject.Mavenjava.AppiumTest"/>
  <testcase name="deleteTwitter" time="0.003" classname="mavenProject.Mavenjava.RestAPITest"/>
  <testcase name="postJira" time="0.001" classname="mavenProject.Mavenjava.RestAPITest"/>
</testsuite> <!-- Test -->
