<?xml version="1.0" encoding="UTF-8"?>
<testng-results skipped="0" failed="0" ignored="0" total="2" passed="2">
  <reporter-output>
  </reporter-output>
  <suite name="Default suite" duration-ms="48" started-at="2021-12-21T10:26:02 CET" finished-at="2021-12-21T10:26:02 CET">
    <groups>
    </groups>
    <test name="Default test" duration-ms="48" started-at="2021-12-21T10:26:02 CET" finished-at="2021-12-21T10:26:02 CET">
      <class name="mavenProject.Mavenjava.RestAPITest">
        <test-method status="PASS" signature="deleteTwitter()[pri:0, instance:mavenProject.Mavenjava.RestAPITest@38bc8ab5]" name="deleteTwitter" duration-ms="7" started-at="2021-12-21T10:26:02 CET" finished-at="2021-12-21T10:26:02 CET">
          <reporter-output>
          </reporter-output>
        </test-method> <!-- deleteTwitter -->
        <test-method status="PASS" signature="postJira()[pri:0, instance:mavenProject.Mavenjava.RestAPITest@38bc8ab5]" name="postJira" duration-ms="2" started-at="2021-12-21T10:26:02 CET" finished-at="2021-12-21T10:26:02 CET">
          <reporter-output>
          </reporter-output>
        </test-method> <!-- postJira -->
      </class> <!-- mavenProject.Mavenjava.RestAPITest -->
    </test> <!-- Default test -->
  </suite> <!-- Default suite -->
</testng-results>
